# JRE version: OpenJDK Runtime Environment (8.0_242-b01) (build 1.8.0_242-release-1644-b01)
# Java VM: OpenJDK 64-Bit Server VM (25.242-b01 mixed mode windows-amd64 compressed oops)
Heap:
 PSYoungGen      total 646144K, used 182374K [0x00000000d5580000, 0x00000000ffe00000, 0x0000000100000000)
  eden space 599040K, 28% used [0x00000000d5580000,0x00000000dfe39d70,0x00000000f9e80000)
  from space 47104K, 20% used [0x00000000f9e80000,0x00000000fa7dfbc8,0x00000000fcc80000)
  to   space 46080K, 0% used [0x00000000fd100000,0x00000000fd100000,0x00000000ffe00000)
 ParOldGen       total 187904K, used 157161K [0x0000000080000000, 0x000000008b780000, 0x00000000d5580000)
  object space 187904K, 83% used [0x0000000080000000,0x000000008997a490,0x000000008b780000)
 Metaspace       used 119807K, capacity 127560K, committed 127768K, reserved 1161216K
  class space    used 15453K, capacity 16840K, committed 16944K, reserved 1048576K
GC Heap History (10 events):
Event: 1408.383 GC heap before
{Heap before GC invocations=26 (full 5):
 PSYoungGen      total 643584K, used 623470K [0x00000000d5580000, 0x0000000100000000, 0x0000000100000000)
  eden space 590336K, 100% used [0x00000000d5580000,0x00000000f9600000,0x00000000f9600000)
  from space 53248K, 62% used [0x00000000fcc00000,0x00000000fec5b908,0x0000000100000000)
  to   space 54272K, 0% used [0x00000000f9600000,0x00000000f9600000,0x00000000fcb00000)
 ParOldGen       total 187904K, used 141618K [0x0000000080000000, 0x000000008b780000, 0x00000000d5580000)
  object space 187904K, 75% used [0x0000000080000000,0x0000000088a4c880,0x000000008b780000)
 Metaspace       used 114641K, capacity 120972K, committed 121240K, reserved 1155072K
  class space    used 14837K, capacity 16018K, committed 16048K, reserved 1048576K
Event: 1416.638 GC heap after
Heap after GC invocations=26 (full 5):
 PSYoungGen      total 612352K, used 21600K [0x00000000d5580000, 0x00000000ffb00000, 0x0000000100000000)
  eden space 590336K, 0% used [0x00000000d5580000,0x00000000d5580000,0x00000000f9600000)
  from space 22016K, 98% used [0x00000000f9600000,0x00000000fab181e8,0x00000000fab80000)
  to   space 51200K, 0% used [0x00000000fc900000,0x00000000fc900000,0x00000000ffb00000)
 ParOldGen       total 187904K, used 144586K [0x0000000080000000, 0x000000008b780000, 0x00000000d5580000)
  object space 187904K, 76% used [0x0000000080000000,0x0000000088d328d0,0x000000008b780000)
 Metaspace       used 114641K, capacity 120972K, committed 121240K, reserved 1155072K
  class space    used 14837K, capacity 16018K, committed 16048K, reserved 1048576K
}
Event: 1686.398 GC heap before
{Heap before GC invocations=27 (full 5):
 PSYoungGen      total 612352K, used 611936K [0x00000000d5580000, 0x00000000ffb00000, 0x0000000100000000)
  eden space 590336K, 100% used [0x00000000d5580000,0x00000000f9600000,0x00000000f9600000)
  from space 22016K, 98% used [0x00000000f9600000,0x00000000fab181e8,0x00000000fab80000)
  to   space 51200K, 0% used [0x00000000fc900000,0x00000000fc900000,0x00000000ffb00000)
 ParOldGen       total 187904K, used 144586K [0x0000000080000000, 0x000000008b780000, 0x00000000d5580000)
  object space 187904K, 76% used [0x0000000080000000,0x0000000088d328d0,0x000000008b780000)
 Metaspace       used 118308K, capacity 124988K, committed 125080K, reserved 1157120K
  class space    used 15290K, capacity 16558K, committed 16560K, reserved 1048576K
Event: 1699.809 GC heap after
Heap after GC invocations=27 (full 5):
 PSYoungGen      total 645120K, used 23193K [0x00000000d5580000, 0x0000000100000000, 0x0000000100000000)
  eden space 593920K, 0% used [0x00000000d5580000,0x00000000d5580000,0x00000000f9980000)
  from space 51200K, 45% used [0x00000000fc900000,0x00000000fdfa6418,0x00000000ffb00000)
  to   space 48640K, 0% used [0x00000000f9980000,0x00000000f9980000,0x00000000fc900000)
 ParOldGen       total 187904K, used 144932K [0x0000000080000000, 0x000000008b780000, 0x00000000d5580000)
  object space 187904K, 77% used [0x0000000080000000,0x0000000088d89170,0x000000008b780000)
 Metaspace       used 118308K, capacity 124988K, committed 125080K, reserved 1157120K
  class space    used 15290K, capacity 16558K, committed 16560K, reserved 1048576K
}
Event: 1952.020 GC heap before
{Heap before GC invocations=28 (full 5):
 PSYoungGen      total 645120K, used 617113K [0x00000000d5580000, 0x0000000100000000, 0x0000000100000000)
  eden space 593920K, 100% used [0x00000000d5580000,0x00000000f9980000,0x00000000f9980000)
  from space 51200K, 45% used [0x00000000fc900000,0x00000000fdfa6418,0x00000000ffb00000)
  to   space 48640K, 0% used [0x00000000f9980000,0x00000000f9980000,0x00000000fc900000)
 ParOldGen       total 187904K, used 144932K [0x0000000080000000, 0x000000008b780000, 0x00000000d5580000)
  object space 187904K, 77% used [0x0000000080000000,0x0000000088d89170,0x000000008b780000)
 Metaspace       used 118937K, capacity 126384K, committed 126616K, reserved 1159168K
  class space    used 15397K, capacity 16756K, committed 16816K, reserved 1048576K
Event: 1960.781 GC heap after
Heap after GC invocations=28 (full 5):
 PSYoungGen      total 642560K, used 24334K [0x00000000d5580000, 0x00000000ffa80000, 0x0000000100000000)
  eden space 593920K, 0% used [0x00000000d5580000,0x00000000d5580000,0x00000000f9980000)
  from space 48640K, 50% used [0x00000000f9980000,0x00000000fb143b18,0x00000000fc900000)
  to   space 47104K, 0% used [0x00000000fcc80000,0x00000000fcc80000,0x00000000ffa80000)
 ParOldGen       total 187904K, used 148182K [0x0000000080000000, 0x000000008b780000, 0x00000000d5580000)
  object space 187904K, 78% used [0x0000000080000000,0x00000000890b5ac8,0x000000008b780000)
 Metaspace       used 118937K, capacity 126384K, committed 126616K, reserved 1159168K
  class space    used 15397K, capacity 16756K, committed 16816K, reserved 1048576K
}
Event: 2891.112 GC heap before
{Heap before GC invocations=29 (full 5):
 PSYoungGen      total 642560K, used 618254K [0x00000000d5580000, 0x00000000ffa80000, 0x0000000100000000)
  eden space 593920K, 100% used [0x00000000d5580000,0x00000000f9980000,0x00000000f9980000)
  from space 48640K, 50% used [0x00000000f9980000,0x00000000fb143b18,0x00000000fc900000)
  to   space 47104K, 0% used [0x00000000fcc80000,0x00000000fcc80000,0x00000000ffa80000)
 ParOldGen       total 187904K, used 148182K [0x0000000080000000, 0x000000008b780000, 0x00000000d5580000)
  object space 187904K, 78% used [0x0000000080000000,0x00000000890b5ac8,0x000000008b780000)
 Metaspace       used 119421K, capacity 127118K, committed 127256K, reserved 1159168K
  class space    used 15446K, capacity 16835K, committed 16944K, reserved 1048576K
Event: 2891.459 GC heap after
Heap after GC invocations=29 (full 5):
 PSYoungGen      total 646144K, used 8895K [0x00000000d5580000, 0x00000000ffe80000, 0x0000000100000000)
  eden space 599040K, 0% used [0x00000000d5580000,0x00000000d5580000,0x00000000f9e80000)
  from space 47104K, 18% used [0x00000000fcc80000,0x00000000fd52fd50,0x00000000ffa80000)
  to   space 47104K, 0% used [0x00000000f9e80000,0x00000000f9e80000,0x00000000fcc80000)
 ParOldGen       total 187904K, used 149990K [0x0000000080000000, 0x000000008b780000, 0x00000000d5580000)
  object space 187904K, 79% used [0x0000000080000000,0x0000000089279ad8,0x000000008b780000)
 Metaspace       used 119421K, capacity 127118K, committed 127256K, reserved 1159168K
  class space    used 15446K, capacity 16835K, committed 16944K, reserved 1048576K
}
Event: 2950.374 GC heap before
{Heap before GC invocations=30 (full 5):
 PSYoungGen      total 646144K, used 607935K [0x00000000d5580000, 0x00000000ffe80000, 0x0000000100000000)
  eden space 599040K, 100% used [0x00000000d5580000,0x00000000f9e80000,0x00000000f9e80000)
  from space 47104K, 18% used [0x00000000fcc80000,0x00000000fd52fd50,0x00000000ffa80000)
  to   space 47104K, 0% used [0x00000000f9e80000,0x00000000f9e80000,0x00000000fcc80000)
 ParOldGen       total 187904K, used 149990K [0x0000000080000000, 0x000000008b780000, 0x00000000d5580000)
  object space 187904K, 79% used [0x0000000080000000,0x0000000089279ad8,0x000000008b780000)
 Metaspace       used 119727K, capacity 127476K, committed 127768K, reserved 1161216K
  class space    used 15453K, capacity 16840K, committed 16944K, reserved 1048576K
Event: 2950.575 GC heap after
Heap after GC invocations=30 (full 5):
 PSYoungGen      total 646144K, used 9598K [0x00000000d5580000, 0x00000000ffe00000, 0x0000000100000000)
  eden space 599040K, 0% used [0x00000000d5580000,0x00000000d5580000,0x00000000f9e80000)
  from space 47104K, 20% used [0x00000000f9e80000,0x00000000fa7dfbc8,0x00000000fcc80000)
  to   space 46080K, 0% used [0x00000000fd100000,0x00000000fd100000,0x00000000ffe00000)
 ParOldGen       total 187904K, used 157161K [0x0000000080000000, 0x000000008b780000, 0x00000000d5580000)
  object space 187904K, 83% used [0x0000000080000000,0x000000008997a490,0x000000008b780000)
 Metaspace       used 119727K, capacity 127476K, committed 127768K, reserved 1161216K
  class space    used 15453K, capacity 16840K, committed 16944K, reserved 1048576K
}

